<?xml version="1.0" encoding="UTF-8"?>
<!-- Generated by org.testng.reporters.JUnitReportReporter -->
<testsuite hostname="DESKTOP-RVLROEG" failures="0" tests="2" name="api_auto.HTTPSRequest" time="6.114" errors="0" timestamp="2024-02-03T12:42:49 IST" skipped="0">
  <testcase classname="api_auto.HTTPSRequest" name="getuser" time="3.235"/>
  <system-out/>
  <testcase classname="api_auto.HTTPSRequest" name="createUser" time="2.879"/>
  <system-out/>
</testsuite> <!-- api_auto.HTTPSRequest -->
